<?xml version="1.0" encoding="UTF-8"?>
<!-- Generated by org.testng.reporters.JUnitReportReporter -->
<testsuite skipped="0" hostname="DESKTOP-M60ED8S" name="com.qa.testng.GetClient" tests="1" failures="0" timestamp="16 Jan 2019 05:33:49 GMT" time="1.628" errors="0">
  <testcase name="getAPITest" time="1.628" classname="com.qa.testng.GetClient"/>
</testsuite> <!-- com.qa.testng.GetClient -->
